<?xml version="1.0" encoding="UTF-8"?>
<!-- Generated by org.testng.reporters.JUnitXMLReporter -->
<testsuite hostname="sun-lt" ignored="0" name="Default test" tests="3" failures="0" timestamp="26 Feb 2019 18:51:29 GMT" time="12.941" errors="0">
  <testcase name="openwithchrome" time="4.253" classname="smp.ParallelBrowsing"/>
  <testcase name="openwithfirefox" time="0.004" classname="smp.ParallelBrowsing"/>
  <testcase name="openwithie" time="0.576" classname="smp.ParallelBrowsing"/>
</testsuite> <!-- Default test -->
