<?xml version="1.0" encoding="UTF-8"?>
<testng-results skipped="0" failed="0" ignored="0" total="2" passed="2">
  <reporter-output>
  </reporter-output>
  <suite name="Suite1" duration-ms="44231" started-at="2019-04-24T19:49:41Z" finished-at="2019-04-24T19:50:25Z">
    <groups>
    </groups>
    <test name="ChromeTest" duration-ms="12611" started-at="2019-04-24T19:49:41Z" finished-at="2019-04-24T19:49:54Z">
      <class name="smp.Test">
        <test-method status="PASS" signature="openurl(java.lang.String)[pri:0, instance:smp.Test@28d25987]" name="openurl" is-config="true" duration-ms="12594" started-at="2019-04-24T19:49:41Z" finished-at="2019-04-24T19:49:54Z">
          <params>
            <param index="0">
              <value>
                <![CDATA[chrome]]>
              </value>
            </param>
          </params>
          <reporter-output>
          </reporter-output>
        </test-method> <!-- openurl -->
        <test-method status="PASS" signature="test()[pri:0, instance:smp.Test@28d25987]" name="test" duration-ms="5" started-at="2019-04-24T19:49:54Z" finished-at="2019-04-24T19:49:54Z">
          <reporter-output>
          </reporter-output>
        </test-method> <!-- test -->
      </class> <!-- smp.Test -->
    </test> <!-- ChromeTest -->
    <test name="Firefoxtest" duration-ms="31384" started-at="2019-04-24T19:49:54Z" finished-at="2019-04-24T19:50:25Z">
      <class name="smp.Test">
        <test-method status="PASS" signature="openurl(java.lang.String)[pri:0, instance:smp.Test@5442a311]" name="openurl" is-config="true" duration-ms="31380" started-at="2019-04-24T19:49:54Z" finished-at="2019-04-24T19:50:25Z">
          <params>
            <param index="0">
              <value>
                <![CDATA[Firefox]]>
              </value>
            </param>
          </params>
          <reporter-output>
          </reporter-output>
        </test-method> <!-- openurl -->
        <test-method status="PASS" signature="test()[pri:0, instance:smp.Test@5442a311]" name="test" duration-ms="1" started-at="2019-04-24T19:50:25Z" finished-at="2019-04-24T19:50:25Z">
          <reporter-output>
          </reporter-output>
        </test-method> <!-- test -->
      </class> <!-- smp.Test -->
    </test> <!-- Firefoxtest -->
  </suite> <!-- Suite1 -->
</testng-results>
